old exercise/MyJobScheduler/app/build/intermediates/manifest_merge_blame_file/debug/manifest-merger-blame-debug-report.txt
1<?xml version="1.0" encoding="utf-8"?>
2<manifest xmlns:android="http://schemas.android.com/apk/res/android"
3    package="com.dicoding.auliarosyida.myjobscheduler"
4    android:versionCode="1"
5    android:versionName="1.0" >
6
7    <uses-sdk
8        android:minSdkVersion="21"
8-->src\main\AndroidManifest.xml
9        android:targetSdkVersion="30" />
9-->src\main\AndroidManifest.xml
10
11    <uses-permission android:name="android.permission.INTERNET" />
11-->src\main\AndroidManifest.xml:5:5-66
11-->src\main\AndroidManifest.xml:5:22-64
12
13    <application
13-->src\main\AndroidManifest.xml:7:5-28:19
14        android:allowBackup="true"
14-->src\main\AndroidManifest.xml:8:9-35
15        android:appComponentFactory="androidx.core.app.CoreComponentFactory"
15-->[androidx.core:core:1.3.2] AndroidManifest.xml:24:18-86
16        android:debuggable="true"
17        android:icon="@mipmap/ic_launcher"
17-->src\main\AndroidManifest.xml:9:9-43
18        android:label="@string/app_name"
18-->src\main\AndroidManifest.xml:10:9-41
19        android:roundIcon="@mipmap/ic_launcher_round"
19-->src\main\AndroidManifest.xml:11:9-54
20        android:supportsRtl="true"
20-->src\main\AndroidManifest.xml:12:9-35
21        android:testOnly="true"
22        android:theme="@style/Theme.MyJobScheduler" >
22-->src\main\AndroidManifest.xml:13:9-52
23        <activity android:name="com.dicoding.auliarosyida.myjobscheduler.MainActivity" >
23-->src\main\AndroidManifest.xml:14:9-20:20
23-->src\main\AndroidManifest.xml:14:19-47
24            <intent-filter>
24-->src\main\AndroidManifest.xml:15:13-19:29
25                <action android:name="android.intent.action.MAIN" />
25-->src\main\AndroidManifest.xml:16:17-69
25-->src\main\AndroidManifest.xml:16:25-66
26
27                <category android:name="android.intent.category.LAUNCHER" />
27-->src\main\AndroidManifest.xml:18:17-77
27-->src\main\AndroidManifest.xml:18:27-74
28            </intent-filter>
29        </activity>
30        <!--
31            daftarkan kelas JobService agar dikenali oleh Android System.
32            Bila belum didaftarkan, maka job tersebut tidak akan dijalankan oleh Android.
33            Konsekuensi lain adalah kegagalan di sistem, karena job tersebut tidak dapat ditemukan.
34        -->
35        <service
35-->src\main\AndroidManifest.xml:24:9-27:71
36            android:name="com.dicoding.auliarosyida.myjobscheduler.GetCurrentWeatherJobService"
36-->src\main\AndroidManifest.xml:24:18-61
37            android:enabled="true"
37-->src\main\AndroidManifest.xml:25:13-35
38            android:exported="true"
38-->src\main\AndroidManifest.xml:26:13-36
39            android:permission="android.permission.BIND_JOB_SERVICE" />
39-->src\main\AndroidManifest.xml:27:13-69
40    </application>
41
42</manifest>